c:\users\zifof\desktop\lab3\lab3_while\debug\vc142.pdb
c:\users\zifof\desktop\lab3\lab3_while\debug\vc142.idb
c:\users\zifof\desktop\lab3\lab3_while\debug\findfirstnegativeelement.obj
c:\users\zifof\desktop\lab3\lab3_while\debug\summ.obj
c:\users\zifof\desktop\lab3\lab3_while\debug\function.obj
c:\users\zifof\desktop\lab3\lab3_while\debug\findfirstelement.obj
c:\users\zifof\desktop\lab3\lab3_while\debug\summ2.obj
c:\users\zifof\desktop\lab3\lab3_while\debug\print.obj
c:\users\zifof\desktop\lab3\lab3_while\debug\source.obj
c:\users\termi\source\repos\c++\lab3\debug\lab3_while.ilk
c:\users\termi\source\repos\c++\lab3\debug\lab3_while.exe
c:\users\termi\source\repos\c++\lab3\debug\lab3_while.pdb
c:\users\zifof\desktop\lab3\debug\lab3_while.exe
c:\users\zifof\desktop\lab3\debug\lab3_while.ilk
c:\users\zifof\desktop\lab3\debug\lab3_while.pdb
c:\users\zifof\desktop\lab3\lab3_while\debug\lab3_while.tlog\cl.command.1.tlog
c:\users\zifof\desktop\lab3\lab3_while\debug\lab3_while.tlog\cl.read.1.tlog
c:\users\zifof\desktop\lab3\lab3_while\debug\lab3_while.tlog\cl.write.1.tlog
c:\users\zifof\desktop\lab3\lab3_while\debug\lab3_while.tlog\link.command.1.tlog
c:\users\zifof\desktop\lab3\lab3_while\debug\lab3_while.tlog\link.read.1.tlog
c:\users\zifof\desktop\lab3\lab3_while\debug\lab3_while.tlog\link.write.1.tlog
